<?xml version="1.0" encoding="UTF-8"?>
<!-- Generated by org.testng.reporters.JUnitReportReporter -->
<testsuite hostname="DESKTOP-JTH" failures="0" tests="1" name="com.todos.tests.AddTodoTest" time="9.702" errors="0" timestamp="25 Oct 2020 12:58:57 GMT">
  <testcase classname="com.todos.tests.AddTodoTest" name="iCanAddTodo" time="9.702"/>
</testsuite> <!-- com.todos.tests.AddTodoTest -->
